<?xml version="1.0" encoding="UTF-8"?>
<testsuites name="Mocha Tests" time="0.046" tests="2" failures="0">
  <testsuite name="Root Suite" timestamp="2017-04-06T05:08:05" tests="0" failures="0" time="0">
  </testsuite>
  <testsuite name="Validate Article" timestamp="2017-04-06T05:08:05" tests="1" file="/Users/emily/Desktop/hw6-backend/src/articles.spec.js" failures="0" time="0.036">
    <testcase name="Validate Article should add artcile and verify the change" time="0.036" classname="should add artcile and verify the change">
    </testcase>
  </testsuite>
  <testsuite name="Validate Profile" timestamp="2017-04-06T05:08:06" tests="1" file="/Users/emily/Desktop/hw6-backend/src/profile.spec.js" failures="0" time="0.01">
    <testcase name="Validate Profile should update the status headline and verify the change" time="0.01" classname="should update the status headline and verify the change">
    </testcase>
  </testsuite>
</testsuites>